2025-05-05T11:17:23.971881+00:00 WARNING 'ansible_navigator.image_manager.puller._log_message' Image inspection failed, image assumed to be corrupted or missing
2025-05-05T11:17:24.591219+00:00 ERROR 'ansible_navigator.image_manager.puller._log_message' Execution environment pull failed
2025-05-05T11:23:33.383362+00:00 INFO 'ansible_navigator.setup_logger' New ansible-navigator instance, logging initialized
2025-05-05T11:23:33.383752+00:00 INFO 'ansible_navigator.setup_logger' New ansible-runner instance, logging initialized
2025-05-05T11:23:33.383814+00:00 DEBUG 'ansible_navigator.main' ansible-builder==1.1.0 /usr/lib/python3.9/site-packages
2025-05-05T11:23:33.383842+00:00 DEBUG 'ansible_navigator.main' ansible-compat==2.0.2 /usr/lib/python3.9/site-packages
2025-05-05T11:23:33.383865+00:00 DEBUG 'ansible_navigator.main' ansible-core==2.13.0 /usr/lib/python3.9/site-packages
2025-05-05T11:23:33.383896+00:00 DEBUG 'ansible_navigator.main' ansible-lint==6.0.2 /usr/lib/python3.9/site-packages
2025-05-05T11:23:33.383917+00:00 DEBUG 'ansible_navigator.main' ansible-navigator==2.1.0 /usr/lib/python3.9/site-packages
2025-05-05T11:23:33.383938+00:00 DEBUG 'ansible_navigator.main' ansible-runner==2.2.0 /usr/lib/python3.9/site-packages
2025-05-05T11:23:33.383958+00:00 DEBUG 'ansible_navigator.main' attrs==21.4.0 /usr/lib/python3.9/site-packages
2025-05-05T11:23:33.383978+00:00 DEBUG 'ansible_navigator.main' bindep==2.10.2 /usr/lib/python3.9/site-packages
2025-05-05T11:23:33.383997+00:00 DEBUG 'ansible_navigator.main' bracex==2.2.1 /usr/lib/python3.9/site-packages
2025-05-05T11:23:33.384017+00:00 DEBUG 'ansible_navigator.main' cffi==1.14.3 /usr/lib64/python3.9/site-packages
2025-05-05T11:23:33.384037+00:00 DEBUG 'ansible_navigator.main' commonmark==0.9.1 /usr/lib/python3.9/site-packages
2025-05-05T11:23:33.384057+00:00 DEBUG 'ansible_navigator.main' cryptography==3.3.1 /usr/lib64/python3.9/site-packages
2025-05-05T11:23:33.384092+00:00 DEBUG 'ansible_navigator.main' distro==1.6.0 /usr/lib/python3.9/site-packages
2025-05-05T11:23:33.384113+00:00 DEBUG 'ansible_navigator.main' docutils==0.16 /usr/lib/python3.9/site-packages
2025-05-05T11:23:33.384133+00:00 DEBUG 'ansible_navigator.main' enrich==1.2.7 /usr/lib/python3.9/site-packages
2025-05-05T11:23:33.384153+00:00 DEBUG 'ansible_navigator.main' flake8==3.9.2 /usr/lib/python3.9/site-packages
2025-05-05T11:23:33.384172+00:00 DEBUG 'ansible_navigator.main' future==0.18.2 /usr/lib/python3.9/site-packages
2025-05-05T11:23:33.384192+00:00 DEBUG 'ansible_navigator.main' idna==2.10 /usr/lib/python3.9/site-packages
2025-05-05T11:23:33.384211+00:00 DEBUG 'ansible_navigator.main' importlib-metadata==4.10.1 /usr/lib/python3.9/site-packages
2025-05-05T11:23:33.384231+00:00 DEBUG 'ansible_navigator.main' jinja2==3.0.3 /usr/lib/python3.9/site-packages
2025-05-05T11:23:33.384250+00:00 DEBUG 'ansible_navigator.main' jsonschema==3.2.0 /usr/lib/python3.9/site-packages
2025-05-05T11:23:33.384270+00:00 DEBUG 'ansible_navigator.main' lockfile==0.12.2 /usr/lib/python3.9/site-packages
2025-05-05T11:23:33.384290+00:00 DEBUG 'ansible_navigator.main' markupsafe==2.1.0 /usr/lib64/python3.9/site-packages
2025-05-05T11:23:33.384309+00:00 DEBUG 'ansible_navigator.main' mccabe==0.6.1 /usr/lib/python3.9/site-packages
2025-05-05T11:23:33.384329+00:00 DEBUG 'ansible_navigator.main' onigurumacffi==1.1.0 /usr/lib64/python3.9/site-packages
2025-05-05T11:23:33.384348+00:00 DEBUG 'ansible_navigator.main' packaging==21.2 /usr/lib/python3.9/site-packages
2025-05-05T11:23:33.384367+00:00 DEBUG 'ansible_navigator.main' parsley==1.3 /usr/lib/python3.9/site-packages
2025-05-05T11:23:33.384387+00:00 DEBUG 'ansible_navigator.main' pathspec==0.9.0 /usr/lib/python3.9/site-packages
2025-05-05T11:23:33.384406+00:00 DEBUG 'ansible_navigator.main' pbr==5.8.1 /usr/lib/python3.9/site-packages
2025-05-05T11:23:33.384426+00:00 DEBUG 'ansible_navigator.main' pexpect==4.8.0 /usr/lib/python3.9/site-packages
2025-05-05T11:23:33.384445+00:00 DEBUG 'ansible_navigator.main' pip==20.2.4 /usr/lib/python3.9/site-packages
2025-05-05T11:23:33.384464+00:00 DEBUG 'ansible_navigator.main' ply==3.11 /usr/lib/python3.9/site-packages
2025-05-05T11:23:33.384499+00:00 DEBUG 'ansible_navigator.main' ptyprocess==0.6.0 /usr/lib/python3.9/site-packages
2025-05-05T11:23:33.384520+00:00 DEBUG 'ansible_navigator.main' pycodestyle==2.7.0 /usr/lib/python3.9/site-packages
2025-05-05T11:23:33.384539+00:00 DEBUG 'ansible_navigator.main' pycparser==2.20 /usr/lib/python3.9/site-packages
2025-05-05T11:23:33.384559+00:00 DEBUG 'ansible_navigator.main' pyflakes==2.3.1 /usr/lib/python3.9/site-packages
2025-05-05T11:23:33.384578+00:00 DEBUG 'ansible_navigator.main' pygments==2.11.2 /usr/lib/python3.9/site-packages
2025-05-05T11:23:33.384597+00:00 DEBUG 'ansible_navigator.main' pyparsing==2.4.7 /usr/lib/python3.9/site-packages
2025-05-05T11:23:33.384616+00:00 DEBUG 'ansible_navigator.main' pyrsistent==0.18.1 /usr/lib64/python3.9/site-packages
2025-05-05T11:23:33.384635+00:00 DEBUG 'ansible_navigator.main' python-daemon==2.3.0 /usr/lib/python3.9/site-packages
2025-05-05T11:23:33.384654+00:00 DEBUG 'ansible_navigator.main' pyyaml==5.4.1 /usr/lib64/python3.9/site-packages
2025-05-05T11:23:33.384673+00:00 DEBUG 'ansible_navigator.main' requirements-parser==0.2.0 /usr/lib/python3.9/site-packages
2025-05-05T11:23:33.384692+00:00 DEBUG 'ansible_navigator.main' resolvelib==0.5.4 /usr/lib/python3.9/site-packages
2025-05-05T11:23:33.384711+00:00 DEBUG 'ansible_navigator.main' rich==12.0.0 /usr/lib/python3.9/site-packages
2025-05-05T11:23:33.384730+00:00 DEBUG 'ansible_navigator.main' ruamel.yaml.clib==0.2.6 /usr/lib64/python3.9/site-packages
2025-05-05T11:23:33.384750+00:00 DEBUG 'ansible_navigator.main' ruamel.yaml==0.17.21 /usr/lib/python3.9/site-packages
2025-05-05T11:23:33.384769+00:00 DEBUG 'ansible_navigator.main' setuptools==50.3.2 /usr/lib/python3.9/site-packages
2025-05-05T11:23:33.384788+00:00 DEBUG 'ansible_navigator.main' six==1.15.0 /usr/lib/python3.9/site-packages
2025-05-05T11:23:33.384807+00:00 DEBUG 'ansible_navigator.main' subprocess-tee==0.3.5 /usr/lib/python3.9/site-packages
2025-05-05T11:23:33.384826+00:00 DEBUG 'ansible_navigator.main' typing-extensions==3.10.0.2 /usr/lib/python3.9/site-packages
2025-05-05T11:23:33.384845+00:00 DEBUG 'ansible_navigator.main' wcmatch==8.3 /usr/lib/python3.9/site-packages
2025-05-05T11:23:33.384864+00:00 DEBUG 'ansible_navigator.main' yamllint==1.26.3 /usr/lib/python3.9/site-packages
2025-05-05T11:23:33.384892+00:00 DEBUG 'ansible_navigator.main' zipp==3.4.0 /usr/lib/python3.9/site-packages
2025-05-05T11:23:33.384912+00:00 DEBUG 'ansible_navigator.main' Share directory '/usr/lib/python3.9/share/ansible_navigator' not found (development path)
2025-05-05T11:23:33.384931+00:00 DEBUG 'ansible_navigator.main' Share directory '/home/student/.local/share/ansible_navigator' not found (userbase)
2025-05-05T11:23:33.384951+00:00 DEBUG 'ansible_navigator.main' Share directory '/usr/share/ansible_navigator' found (sys.prefix)
2025-05-05T11:23:33.384972+00:00 DEBUG 'ansible_navigator.main' Default collection_doc_cache_path set to: /home/student/.cache/ansible-navigator/collection_doc_cache.db
2025-05-05T11:23:33.384991+00:00 DEBUG 'ansible_navigator.main' EDITOR environment variable not set
2025-05-05T11:23:33.385011+00:00 DEBUG 'ansible_navigator.main' Default editor_command set to: vi +{line_number} {filename}
2025-05-05T11:23:33.385031+00:00 DEBUG 'ansible_navigator.main' No config file set by ANSIBLE_NAVIGATOR_CONFIG
2025-05-05T11:23:33.385050+00:00 DEBUG 'ansible_navigator.main' Looking in /home/student
2025-05-05T11:23:33.385069+00:00 DEBUG 'ansible_navigator.main' Looking for '/home/student/.ansible-navigator.yml', '/home/student/.ansible-navigator.yaml' and '/home/student/.ansible-navigator.json'
2025-05-05T11:23:33.385102+00:00 DEBUG 'ansible_navigator.main' Found 0: 
2025-05-05T11:23:33.385122+00:00 DEBUG 'ansible_navigator.main' Looking in /home/student/myproject
2025-05-05T11:23:33.385141+00:00 DEBUG 'ansible_navigator.main' Looking for '/home/student/myproject/ansible-navigator.yml', '/home/student/myproject/ansible-navigator.yaml' and '/home/student/myproject/ansible-navigator.json'
2025-05-05T11:23:33.385168+00:00 DEBUG 'ansible_navigator.main' Found 1: '/home/student/myproject/ansible-navigator.yml'
2025-05-05T11:23:33.385188+00:00 DEBUG 'ansible_navigator.main' All found 1: '/home/student/myproject/ansible-navigator.yml'
2025-05-05T11:23:33.385207+00:00 DEBUG 'ansible_navigator.main' Using: /home/student/myproject/ansible-navigator.yml
2025-05-05T11:23:33.385226+00:00 DEBUG 'ansible_navigator.main' Using settings file at /home/student/myproject/ansible-navigator.yml in search path
2025-05-05T11:23:33.385245+00:00 DEBUG 'ansible_navigator.main' Command provided: 'run -m stdout fact_dump.yml'
2025-05-05T11:23:33.385277+00:00 WARNING 'ansible_navigator.main' Configuration errors encountered, rolling back to previous configuration.
2025-05-05T11:23:33.385298+00:00 DEBUG 'ansible_navigator.main' Prior to rollback: ansible_runner_artifact_dir = 'Not set' (Constants/Not set)
2025-05-05T11:23:33.385317+00:00 DEBUG 'ansible_navigator.main' Prior to rollback: ansible_runner_rotate_artifacts_count = 'Not set' (Constants/Not set)
2025-05-05T11:23:33.385336+00:00 DEBUG 'ansible_navigator.main' Prior to rollback: ansible_runner_timeout = 'Not set' (Constants/Not set)
2025-05-05T11:23:33.385355+00:00 DEBUG 'ansible_navigator.main' Prior to rollback: app = 'run' (str/Command line)
2025-05-05T11:23:33.385374+00:00 DEBUG 'ansible_navigator.main' Prior to rollback: cmdline = 'Not set' (Constants/Not set)
2025-05-05T11:23:33.385393+00:00 DEBUG 'ansible_navigator.main' Prior to rollback: collection_doc_cache_path = '/home/student/.cache/ansible-navigator/collection_doc_cache.db' (str/Defaults)
2025-05-05T11:23:33.385412+00:00 DEBUG 'ansible_navigator.main' Prior to rollback: config = 'Not set' (Constants/Not set)
2025-05-05T11:23:33.385431+00:00 DEBUG 'ansible_navigator.main' Prior to rollback: container_engine = 'auto' (str/Defaults)
2025-05-05T11:23:33.385450+00:00 DEBUG 'ansible_navigator.main' Prior to rollback: container_options = 'Not set' (Constants/Not set)
2025-05-05T11:23:33.385469+00:00 DEBUG 'ansible_navigator.main' Prior to rollback: display_color = 'True' (bool/Defaults)
2025-05-05T11:23:33.385488+00:00 DEBUG 'ansible_navigator.main' Prior to rollback: editor_command = 'vi +{line_number} {filename}' (str/Defaults)
2025-05-05T11:23:33.385506+00:00 DEBUG 'ansible_navigator.main' Prior to rollback: editor_console = 'True' (bool/Defaults)
2025-05-05T11:23:33.385525+00:00 DEBUG 'ansible_navigator.main' Prior to rollback: exec_command = '/bin/bash' (str/Defaults)
2025-05-05T11:23:33.385544+00:00 DEBUG 'ansible_navigator.main' Prior to rollback: exec_shell = 'True' (bool/Defaults)
2025-05-05T11:23:33.385563+00:00 DEBUG 'ansible_navigator.main' Prior to rollback: execution_environment = 'True' (bool/Defaults)
2025-05-05T11:23:33.385582+00:00 DEBUG 'ansible_navigator.main' Prior to rollback: execution_environment_image = 'registry.redhat.io/ansible-automation-platform-22/ee-supported-rhel8:latest' (str/Defaults)
2025-05-05T11:23:33.385601+00:00 DEBUG 'ansible_navigator.main' Prior to rollback: execution_environment_volume_mounts = 'Not set' (Constants/Not set)
2025-05-05T11:23:33.385620+00:00 DEBUG 'ansible_navigator.main' Prior to rollback: help_builder = 'False' (bool/Defaults)
2025-05-05T11:23:33.385638+00:00 DEBUG 'ansible_navigator.main' Prior to rollback: help_config = 'False' (bool/Defaults)
2025-05-05T11:23:33.385657+00:00 DEBUG 'ansible_navigator.main' Prior to rollback: help_doc = 'False' (bool/Defaults)
2025-05-05T11:23:33.385676+00:00 DEBUG 'ansible_navigator.main' Prior to rollback: help_inventory = 'False' (bool/Defaults)
2025-05-05T11:23:33.385695+00:00 DEBUG 'ansible_navigator.main' Prior to rollback: help_playbook = 'False' (bool/Defaults)
2025-05-05T11:23:33.385713+00:00 DEBUG 'ansible_navigator.main' Prior to rollback: images_details = '['everything']' (list/Defaults)
2025-05-05T11:23:33.385732+00:00 DEBUG 'ansible_navigator.main' Prior to rollback: inventory = 'Not set' (Constants/Not set)
2025-05-05T11:23:33.385751+00:00 DEBUG 'ansible_navigator.main' Prior to rollback: inventory_column = 'Not set' (Constants/Not set)
2025-05-05T11:23:33.385778+00:00 DEBUG 'ansible_navigator.main' Prior to rollback: lint_config = 'Not set' (Constants/Not set)
2025-05-05T11:23:33.385798+00:00 DEBUG 'ansible_navigator.main' Prior to rollback: lintables = 'Not set' (Constants/Not set)
2025-05-05T11:23:33.385817+00:00 DEBUG 'ansible_navigator.main' Prior to rollback: log_append = 'True' (bool/Defaults)
2025-05-05T11:23:33.385836+00:00 DEBUG 'ansible_navigator.main' Prior to rollback: log_file = '/home/student/myproject/ansible-navigator.log' (str/Defaults)
2025-05-05T11:23:33.385855+00:00 DEBUG 'ansible_navigator.main' Prior to rollback: log_level = 'warning' (str/Defaults)
2025-05-05T11:23:33.385881+00:00 DEBUG 'ansible_navigator.main' Prior to rollback: mode = 'stdout' (str/Command line)
2025-05-05T11:23:33.385900+00:00 DEBUG 'ansible_navigator.main' Prior to rollback: osc4 = 'True' (bool/Defaults)
2025-05-05T11:23:33.385920+00:00 DEBUG 'ansible_navigator.main' Prior to rollback: pass_environment_variable = 'Not set' (Constants/Not set)
2025-05-05T11:23:33.385939+00:00 DEBUG 'ansible_navigator.main' Prior to rollback: playbook = 'fact_dump.yml' (str/Command line)
2025-05-05T11:23:33.385958+00:00 DEBUG 'ansible_navigator.main' Prior to rollback: playbook_artifact_enable = 'True' (bool/Defaults)
2025-05-05T11:23:33.385977+00:00 DEBUG 'ansible_navigator.main' Prior to rollback: playbook_artifact_replay = 'Not set' (Constants/Not set)
2025-05-05T11:23:33.385996+00:00 DEBUG 'ansible_navigator.main' Prior to rollback: playbook_artifact_save_as = '{playbook_dir}/{playbook_name}-artifact-{time_stamp}.json' (str/Defaults)
2025-05-05T11:23:33.386015+00:00 DEBUG 'ansible_navigator.main' Prior to rollback: plugin_name = 'Not set' (Constants/Not set)
2025-05-05T11:23:33.386034+00:00 DEBUG 'ansible_navigator.main' Prior to rollback: plugin_type = 'module' (str/Defaults)
2025-05-05T11:23:33.386054+00:00 DEBUG 'ansible_navigator.main' Prior to rollback: pull_arguments = 'Not set' (Constants/Not set)
2025-05-05T11:23:33.386079+00:00 DEBUG 'ansible_navigator.main' Prior to rollback: pull_policy = 'tag' (str/Defaults)
2025-05-05T11:23:33.386101+00:00 DEBUG 'ansible_navigator.main' Prior to rollback: set_environment_variable = 'Not set' (Constants/Not set)
2025-05-05T11:23:33.386121+00:00 DEBUG 'ansible_navigator.main' Prior to rollback: settings_effective = 'False' (bool/Defaults)
2025-05-05T11:23:33.386140+00:00 DEBUG 'ansible_navigator.main' Prior to rollback: settings_sample = 'False' (bool/Defaults)
2025-05-05T11:23:33.386159+00:00 DEBUG 'ansible_navigator.main' Prior to rollback: settings_schema = 'json' (str/Defaults)
2025-05-05T11:23:33.386178+00:00 DEBUG 'ansible_navigator.main' Prior to rollback: settings_sources = 'False' (bool/Defaults)
2025-05-05T11:23:33.386197+00:00 DEBUG 'ansible_navigator.main' Prior to rollback: time_zone = 'UTC' (str/Defaults)
2025-05-05T11:23:33.386216+00:00 DEBUG 'ansible_navigator.main' Prior to rollback: workdir = '/home/student/myproject' (str/Defaults)
2025-05-05T11:23:33.386235+00:00 DEBUG 'ansible_navigator.main' After rollback: ansible_runner_artifact_dir = 'Not set' (Constants/Not set)
2025-05-05T11:23:33.386255+00:00 DEBUG 'ansible_navigator.main' After rollback: ansible_runner_rotate_artifacts_count = 'Not set' (Constants/Not set)
2025-05-05T11:23:33.386274+00:00 DEBUG 'ansible_navigator.main' After rollback: ansible_runner_timeout = 'Not set' (Constants/Not set)
2025-05-05T11:23:33.386293+00:00 DEBUG 'ansible_navigator.main' After rollback: app = 'Not set' (Constants/Not set)
2025-05-05T11:23:33.386312+00:00 DEBUG 'ansible_navigator.main' After rollback: cmdline = 'Not set' (Constants/Not set)
2025-05-05T11:23:33.386331+00:00 DEBUG 'ansible_navigator.main' After rollback: collection_doc_cache_path = 'Not set' (Constants/Not set)
2025-05-05T11:23:33.386350+00:00 DEBUG 'ansible_navigator.main' After rollback: config = 'Not set' (Constants/Not set)
2025-05-05T11:23:33.386369+00:00 DEBUG 'ansible_navigator.main' After rollback: container_engine = 'Not set' (Constants/Not set)
2025-05-05T11:23:33.386394+00:00 DEBUG 'ansible_navigator.main' After rollback: container_options = 'Not set' (Constants/Not set)
2025-05-05T11:23:33.386414+00:00 DEBUG 'ansible_navigator.main' After rollback: display_color = 'Not set' (Constants/Not set)
2025-05-05T11:23:33.386433+00:00 DEBUG 'ansible_navigator.main' After rollback: editor_command = 'Not set' (Constants/Not set)
2025-05-05T11:23:33.386452+00:00 DEBUG 'ansible_navigator.main' After rollback: editor_console = 'Not set' (Constants/Not set)
2025-05-05T11:23:33.386471+00:00 DEBUG 'ansible_navigator.main' After rollback: exec_command = 'Not set' (Constants/Not set)
2025-05-05T11:23:33.386489+00:00 DEBUG 'ansible_navigator.main' After rollback: exec_shell = 'Not set' (Constants/Not set)
2025-05-05T11:23:33.386508+00:00 DEBUG 'ansible_navigator.main' After rollback: execution_environment = 'Not set' (Constants/Not set)
2025-05-05T11:23:33.386527+00:00 DEBUG 'ansible_navigator.main' After rollback: execution_environment_image = 'Not set' (Constants/Not set)
2025-05-05T11:23:33.386546+00:00 DEBUG 'ansible_navigator.main' After rollback: execution_environment_volume_mounts = 'Not set' (Constants/Not set)
2025-05-05T11:23:33.386565+00:00 DEBUG 'ansible_navigator.main' After rollback: help_builder = 'Not set' (Constants/Not set)
2025-05-05T11:23:33.386584+00:00 DEBUG 'ansible_navigator.main' After rollback: help_config = 'Not set' (Constants/Not set)
2025-05-05T11:23:33.386602+00:00 DEBUG 'ansible_navigator.main' After rollback: help_doc = 'Not set' (Constants/Not set)
2025-05-05T11:23:33.386621+00:00 DEBUG 'ansible_navigator.main' After rollback: help_inventory = 'Not set' (Constants/Not set)
2025-05-05T11:23:33.386640+00:00 DEBUG 'ansible_navigator.main' After rollback: help_playbook = 'Not set' (Constants/Not set)
2025-05-05T11:23:33.386659+00:00 DEBUG 'ansible_navigator.main' After rollback: images_details = 'Not set' (Constants/Not set)
2025-05-05T11:23:33.386677+00:00 DEBUG 'ansible_navigator.main' After rollback: inventory = 'Not set' (Constants/Not set)
2025-05-05T11:23:33.386696+00:00 DEBUG 'ansible_navigator.main' After rollback: inventory_column = 'Not set' (Constants/Not set)
2025-05-05T11:23:33.386715+00:00 DEBUG 'ansible_navigator.main' After rollback: lint_config = 'Not set' (Constants/Not set)
2025-05-05T11:23:33.386733+00:00 DEBUG 'ansible_navigator.main' After rollback: lintables = 'Not set' (Constants/Not set)
2025-05-05T11:23:33.386752+00:00 DEBUG 'ansible_navigator.main' After rollback: log_append = 'Not set' (Constants/Not set)
2025-05-05T11:23:33.386771+00:00 DEBUG 'ansible_navigator.main' After rollback: log_file = 'Not set' (Constants/Not set)
2025-05-05T11:23:33.386790+00:00 DEBUG 'ansible_navigator.main' After rollback: log_level = 'Not set' (Constants/Not set)
2025-05-05T11:23:33.386809+00:00 DEBUG 'ansible_navigator.main' After rollback: mode = 'Not set' (Constants/Not set)
2025-05-05T11:23:33.386827+00:00 DEBUG 'ansible_navigator.main' After rollback: osc4 = 'Not set' (Constants/Not set)
2025-05-05T11:23:33.386847+00:00 DEBUG 'ansible_navigator.main' After rollback: pass_environment_variable = 'Not set' (Constants/Not set)
2025-05-05T11:23:33.386865+00:00 DEBUG 'ansible_navigator.main' After rollback: playbook = 'Not set' (Constants/Not set)
2025-05-05T11:23:33.386900+00:00 DEBUG 'ansible_navigator.main' After rollback: playbook_artifact_enable = 'Not set' (Constants/Not set)
2025-05-05T11:23:33.386919+00:00 DEBUG 'ansible_navigator.main' After rollback: playbook_artifact_replay = 'Not set' (Constants/Not set)
2025-05-05T11:23:33.386939+00:00 DEBUG 'ansible_navigator.main' After rollback: playbook_artifact_save_as = 'Not set' (Constants/Not set)
2025-05-05T11:23:33.386958+00:00 DEBUG 'ansible_navigator.main' After rollback: plugin_name = 'Not set' (Constants/Not set)
2025-05-05T11:23:33.386977+00:00 DEBUG 'ansible_navigator.main' After rollback: plugin_type = 'Not set' (Constants/Not set)
2025-05-05T11:23:33.386996+00:00 DEBUG 'ansible_navigator.main' After rollback: pull_arguments = 'Not set' (Constants/Not set)
2025-05-05T11:23:33.387015+00:00 DEBUG 'ansible_navigator.main' After rollback: pull_policy = 'Not set' (Constants/Not set)
2025-05-05T11:23:33.387042+00:00 DEBUG 'ansible_navigator.main' After rollback: set_environment_variable = 'Not set' (Constants/Not set)
2025-05-05T11:23:33.387062+00:00 DEBUG 'ansible_navigator.main' After rollback: settings_effective = 'Not set' (Constants/Not set)
2025-05-05T11:23:33.387092+00:00 DEBUG 'ansible_navigator.main' After rollback: settings_sample = 'Not set' (Constants/Not set)
2025-05-05T11:23:33.387111+00:00 DEBUG 'ansible_navigator.main' After rollback: settings_schema = 'Not set' (Constants/Not set)
2025-05-05T11:23:33.387130+00:00 DEBUG 'ansible_navigator.main' After rollback: settings_sources = 'Not set' (Constants/Not set)
2025-05-05T11:23:33.387150+00:00 DEBUG 'ansible_navigator.main' After rollback: time_zone = 'Not set' (Constants/Not set)
2025-05-05T11:23:33.387169+00:00 DEBUG 'ansible_navigator.main' After rollback: workdir = 'Not set' (Constants/Not set)
2025-05-05T11:23:33.387188+00:00 DEBUG 'ansible_navigator.main' Configuration rollback complete.
2025-05-05T11:23:33.387207+00:00 DEBUG 'ansible_navigator.main' Collection doc cache not mounted
2025-05-05T11:23:33.387241+00:00 WARNING 'ansible_navigator.main' Issues were found while applying the settings.
2025-05-05T11:23:33.387265+00:00 INFO 'ansible_navigator.main' Command provided: 'run -m stdout fact_dump.yml'
2025-05-05T11:23:33.387291+00:00 ERROR 'ansible_navigator.main' Settings file found /home/student/myproject/ansible-navigator.yml, but failed to load it.
2025-05-05T11:23:33.387313+00:00 ERROR 'ansible_navigator.main'   error was: 'mapping values are not allowed in this context   in "/home/student/myproject/ansible-navigator.yml", line 2, column 22'
2025-05-05T11:23:33.387336+00:00 INFO 'ansible_navigator.main' Try checking the settings file '/home/student/myproject/ansible-navigator.yml'and ensure it is properly formatted
2025-05-05T11:23:33.387358+00:00 INFO 'ansible_navigator.main' Configuration failed, using default log file location. (/home/student/myproject/ansible-navigator.log) Log level set to debug
2025-05-05T11:23:33.387380+00:00 INFO 'ansible_navigator.main' Review the hints and log file to see what went wrong.
2025-05-05T11:26:42.311962+00:00 WARNING 'ansible_navigator.image_manager.puller._log_message' Image inspection failed, image assumed to be corrupted or missing
